#
# A fatal error has been detected by the Java Runtime Environment:
#
#  SIGSEGV (0xb) at pc=0x000000010dee69a0, pid=30360, tid=0x0000000000000103
#
# JRE version: Java(TM) SE Runtime Environment (8.0_301-b09) (build 1.8.0_301-b09)
# Java VM: Java HotSpot(TM) 64-Bit Server VM (25.301-b09 mixed mode bsd-amd64 compressed oops)
# Problematic frame:
# J 502 C2 java.lang.AbstractStringBuilder.append(Ljava/lang/String;)Ljava/lang/AbstractStringBuilder; (50 bytes) @ 0x000000010dee69a0 [0x000000010dee6980+0x20]
#
# Failed to write core dump. Core dumps have been disabled. To enable core dumping, try "ulimit -c unlimited" before starting Java again
#
# If you would like to submit a bug report, please visit:
#   http://bugreport.java.com/bugreport/crash.jsp
#

---------------  T H R E A D  ---------------

Current thread (0x00007fa80989e800):  JavaThread "JavaFX Application Thread" [_thread_in_Java, id=259, stack(0x0000000308d84000,0x0000000309584000)]

siginfo: si_signo: 11 (SIGSEGV), si_code: 1 (SEGV_MAPERR), si_addr: 0x0000000308d87fa8

Registers:
RAX=0x0000000796ea88d8, RBX=0x0000000000000000, RCX=0x00000000f8000041, RDX=0x00000007956875e8
RSP=0x0000000308d9bfa8, RBP=0x0000000309505c18, RSI=0x0000000796ea88d8, RDI=0x0000000000000014
R8 =0x0000000796ea88d8, R9 =0x00000007956875e8, R10=0x00000000f2dd511e, R11=0x000000000000000d
R12=0x0000000000000000, R13=0x0000000000000001, R14=0x0000000000000003, R15=0x00007fa80989e800
RIP=0x000000010dee69a0, EFLAGS=0x0000000000000206, ERR=0x0000000000000006
  TRAPNO=0x000000000000000e

Top of Stack: (sp=0x0000000308d9bfa8)
0x0000000308d9bfa8:   000000010e509e84 0000000000000000
0x0000000308d9bfb8:   0000000000000000 0000000000000000
0x0000000308d9bfc8:   0000000000000000 0000000000000000
0x0000000308d9bfd8:   0000000000000000 0000000000000002
0x0000000308d9bfe8:   000000010dee6b82 0000000000000004
0x0000000308d9bff8:   0000000000000000 0000000796ea8888
0x0000000308d9c008:   0000001100000000 0000000796ea88d8
0x0000000308d9c018:   00000007956872d0 0000000797954898
0x0000000308d9c028:   0000000000000000 0000000000000000
0x0000000308d9c038:   0000000000000000 0000000309505c18
0x0000000308d9c048:   000000010e50a64c 0000000000000000
0x0000000308d9c058:   0000000000000000 0000000000000000
0x0000000308d9c068:   0000000000000000 0000000000000000
0x0000000308d9c078:   0000000000000000 0000000000000002
0x0000000308d9c088:   000000010dee6b82 0000000000000007
0x0000000308d9c098:   0000000000000000 0000000796ea8838
0x0000000308d9c0a8:   0000001400000000 0000000796ea8888
0x0000000308d9c0b8:   0000000795687628 0000000797954898
0x0000000308d9c0c8:   0000000000000000 0000000000000000
0x0000000308d9c0d8:   0000000000000000 0000000309505c18
0x0000000308d9c0e8:   000000010e50a64c 0000000000000000
0x0000000308d9c0f8:   0000000000000000 0000000000000000
0x0000000308d9c108:   0000000000000000 0000000000000000
0x0000000308d9c118:   0000000000000000 0000000000000002
0x0000000308d9c128:   000000010dee6b82 0000000000000004
0x0000000308d9c138:   0000000000000000 0000000796ea87e8
0x0000000308d9c148:   0000001100000000 0000000796ea8838
0x0000000308d9c158:   00000007956872d0 0000000797954898
0x0000000308d9c168:   0000000000000000 0000000000000000
0x0000000308d9c178:   0000000000000000 0000000309505c18
0x0000000308d9c188:   000000010e50a64c 0000000000000000
0x0000000308d9c198:   0000000000000000 0000000000000000 

Instructions: (pc=0x000000010dee69a0)
0x000000010dee6980:   44 8b 56 08 49 c1 e2 03 49 3b c2 0f 85 cf 54 e0
0x000000010dee6990:   ff 66 66 90 0f 1f 84 00 00 00 00 00 66 66 66 90
0x000000010dee69a0:   89 84 24 00 c0 fe ff 55 48 83 ec 50 48 89 74 24
0x000000010dee69b0:   10 48 89 54 24 30 44 8b 4a 0c 43 8b 5c cc 0c 44 

Register to memory mapping:

RAX=0x0000000796ea88d8 is an oop
java.lang.StringBuilder 
 - klass: 'java/lang/StringBuilder'
RBX=0x0000000000000000 is an unknown value
RCX=0x00000000f8000041 is an unknown value
RDX=0x00000007956875e8 is an oop
java.lang.String 
 - klass: 'java/lang/String'
RSP=0x0000000308d9bfa8 is pointing into the stack for thread: 0x00007fa80989e800
RBP=0x0000000309505c18 is pointing into the stack for thread: 0x00007fa80989e800
RSI=0x0000000796ea88d8 is an oop
java.lang.StringBuilder 
 - klass: 'java/lang/StringBuilder'
RDI=0x0000000000000014 is an unknown value
R8 =0x0000000796ea88d8 is an oop
java.lang.StringBuilder 
 - klass: 'java/lang/StringBuilder'
R9 =0x00000007956875e8 is an oop
java.lang.String 
 - klass: 'java/lang/String'
R10=0x00000000f2dd511e is an unknown value
R11=0x000000000000000d is an unknown value
R12=0x0000000000000000 is an unknown value
R13=0x0000000000000001 is an unknown value
R14=0x0000000000000003 is an unknown value
R15=0x00007fa80989e800 is a thread


Stack: [0x0000000308d84000,0x0000000309584000],  sp=0x0000000308d9bfa8,  free space=95k
Native frames: (J=compiled Java code, j=interpreted, Vv=VM code, C=native code)
J 502 C2 java.lang.AbstractStringBuilder.append(Ljava/lang/String;)Ljava/lang/AbstractStringBuilder; (50 bytes) @ 0x000000010dee69a0 [0x000000010dee6980+0x20]
C  0x0000000796ea8888


---------------  P R O C E S S  ---------------

Java Threads: ( => current thread )
  0x00007fa809b53000 JavaThread "PulseTimer-CVDisplayLink thread" daemon [_thread_in_native, id=51287, stack(0x000000030acde000,0x000000030ad5e000)]
  0x00007fa809947000 JavaThread "Prism Font Disposer" daemon [_thread_blocked, id=73879, stack(0x000000030b186000,0x000000030b286000)]
  0x00007fa80803a000 JavaThread "JavaFX-Launcher" [_thread_blocked, id=74375, stack(0x000000030b083000,0x000000030b183000)]
=>0x00007fa80989e800 JavaThread "JavaFX Application Thread" [_thread_in_Java, id=259, stack(0x0000000308d84000,0x0000000309584000)]
  0x00007fa800156800 JavaThread "Thread-1" daemon [_thread_blocked, id=36131, stack(0x000000030abdb000,0x000000030acdb000)]
  0x00007fa80802c800 JavaThread "QuantumRenderer-0" daemon [_thread_blocked, id=23575, stack(0x000000030aa50000,0x000000030ab50000)]
  0x00007fa809830800 JavaThread "Service Thread" daemon [_thread_blocked, id=22791, stack(0x000000030a84a000,0x000000030a94a000)]
  0x00007fa809817800 JavaThread "C1 CompilerThread3" daemon [_thread_blocked, id=22275, stack(0x000000030a747000,0x000000030a847000)]
  0x00007fa809816800 JavaThread "C2 CompilerThread2" daemon [_thread_in_native, id=43011, stack(0x000000030a644000,0x000000030a744000)]
  0x00007fa800045000 JavaThread "C2 CompilerThread1" daemon [_thread_blocked, id=22019, stack(0x000000030a541000,0x000000030a641000)]
  0x00007fa800043800 JavaThread "C2 CompilerThread0" daemon [_thread_blocked, id=15619, stack(0x000000030a43e000,0x000000030a53e000)]
  0x00007fa800031800 JavaThread "Signal Dispatcher" daemon [_thread_blocked, id=15107, stack(0x000000030a33b000,0x000000030a43b000)]
  0x00007fa80002e000 JavaThread "Finalizer" daemon [_thread_blocked, id=13087, stack(0x000000030a129000,0x000000030a229000)]
  0x00007fa808839000 JavaThread "Reference Handler" daemon [_thread_blocked, id=18211, stack(0x000000030a026000,0x000000030a126000)]
  0x00007fa80880f000 JavaThread "main" [_thread_blocked, id=6915, stack(0x0000000309608000,0x0000000309708000)]

Other Threads:
  0x00007fa808838000 VMThread [stack: 0x0000000309f23000,0x000000030a023000] [id=12803]
  0x00007fa800033000 WatcherThread [stack: 0x000000030a94d000,0x000000030aa4d000] [id=41735]

VM state:not at safepoint (normal execution)

VM Mutex/Monitor currently owned by a thread: None

heap address: 0x0000000740000000, size: 2048 MB, Compressed Oops mode: Zero based, Oop shift amount: 3
Narrow klass base: 0x0000000000000000, Narrow klass shift: 3
Compressed class space size: 1073741824 Address: 0x00000007c0000000

Heap:
 PSYoungGen      total 38400K, used 31181K [0x0000000795580000, 0x000000079a080000, 0x00000007c0000000)
  eden space 33280K, 78% used [0x0000000795580000,0x0000000796ef7d80,0x0000000797600000)
  from space 5120K, 99% used [0x0000000797600000,0x0000000797afba30,0x0000000797b00000)
  to   space 5120K, 0% used [0x0000000799b80000,0x0000000799b80000,0x000000079a080000)
 ParOldGen       total 87552K, used 455K [0x0000000740000000, 0x0000000745580000, 0x0000000795580000)
  object space 87552K, 0% used [0x0000000740000000,0x0000000740071d70,0x0000000745580000)
 Metaspace       used 19648K, capacity 20902K, committed 20992K, reserved 1067008K
  class space    used 2810K, capacity 3067K, committed 3072K, reserved 1048576K

Card table byte_map: [0x000000010b5df000,0x000000010b9e0000] byte_map_base: 0x0000000107bdf000

Marking Bits: (ParMarkBitMap*) 0x000000010c5e7298
 Begin Bits: [0x000000011cca6000, 0x000000011eca6000)
 End Bits:   [0x000000011eca6000, 0x0000000120ca6000)

Polling page: 0x000000010b100000

CodeCache: size=245760Kb used=8591Kb max_used=8603Kb free=237168Kb
 bounds [0x000000010dca6000, 0x000000010e516000, 0x000000011cca6000]
 total_blobs=3413 nmethods=2760 adapters=567
 compilation: enabled

Compilation events (10 events):
Event: 11.829 Thread 0x00007fa809816800 2758       4       java.lang.String::valueOf (14 bytes)
Event: 11.829 Thread 0x00007fa809817800 nmethod 2756 0x000000010e50b3d0 code [0x000000010e50b520, 0x000000010e50b690]
Event: 11.830 Thread 0x00007fa809816800 nmethod 2758 0x000000010e4f1090 code [0x000000010e4f11e0, 0x000000010e4f1258]
Event: 11.832 Thread 0x00007fa800043800 2759       4       java.lang.AbstractStringBuilder::append (62 bytes)
Event: 11.832 Thread 0x00007fa800045000 2760       4       java.lang.Integer::getChars (131 bytes)
Event: 11.832 Thread 0x00007fa809816800 2761       4       model.Player::toString (54 bytes)
Event: 11.836 Thread 0x00007fa800045000 nmethod 2760 0x000000010e50c810 code [0x000000010e50c960, 0x000000010e50ccd8]
Event: 11.840 Thread 0x00007fa800045000 2762 %     4       java.lang.Integer::stringSize @ 2 (21 bytes)
Event: 11.842 Thread 0x00007fa800043800 nmethod 2759 0x000000010e50b9d0 code [0x000000010e50bb60, 0x000000010e50c3b8]
Event: 11.842 Thread 0x00007fa800045000 nmethod 2762% 0x000000010e50b710 code [0x000000010e50b860, 0x000000010e50b958]

GC Heap History (2 events):
Event: 1.402 GC heap before
{Heap before GC invocations=1 (full 0):
 PSYoungGen      total 38400K, used 33057K [0x0000000795580000, 0x0000000798000000, 0x00000007c0000000)
  eden space 33280K, 99% used [0x0000000795580000,0x00000007975c8750,0x0000000797600000)
  from space 5120K, 0% used [0x0000000797b00000,0x0000000797b00000,0x0000000798000000)
  to   space 5120K, 0% used [0x0000000797600000,0x0000000797600000,0x0000000797b00000)
 ParOldGen       total 87552K, used 0K [0x0000000740000000, 0x0000000745580000, 0x0000000795580000)
  object space 87552K, 0% used [0x0000000740000000,0x0000000740000000,0x0000000745580000)
 Metaspace       used 15139K, capacity 15788K, committed 16000K, reserved 1062912K
  class space    used 2200K, capacity 2361K, committed 2432K, reserved 1048576K
Event: 1.420 GC heap after
Heap after GC invocations=1 (full 0):
 PSYoungGen      total 38400K, used 5102K [0x0000000795580000, 0x000000079a080000, 0x00000007c0000000)
  eden space 33280K, 0% used [0x0000000795580000,0x0000000795580000,0x0000000797600000)
  from space 5120K, 99% used [0x0000000797600000,0x0000000797afba30,0x0000000797b00000)
  to   space 5120K, 0% used [0x0000000799b80000,0x0000000799b80000,0x000000079a080000)
 ParOldGen       total 87552K, used 455K [0x0000000740000000, 0x0000000745580000, 0x0000000795580000)
  object space 87552K, 0% used [0x0000000740000000,0x0000000740071d70,0x0000000745580000)
 Metaspace       used 15139K, capacity 15788K, committed 16000K, reserved 1062912K
  class space    used 2200K, capacity 2361K, committed 2432K, reserved 1048576K
}

Deoptimization events (10 events):
Event: 2.442 Thread 0x00007fa80802c800 Uncommon trap: reason=unstable_if action=reinterpret pc=0x000000010e238828 method=java.util.WeakHashMap.eq(Ljava/lang/Object;Ljava/lang/Object;)Z @ 2
Event: 3.941 Thread 0x00007fa80989e800 Uncommon trap: reason=bimorphic action=maybe_recompile pc=0x000000010e1e68b0 method=com.sun.javafx.css.SimpleSelector.applies(Ljavafx/css/Styleable;)Z @ 95
Event: 3.946 Thread 0x00007fa80989e800 Uncommon trap: reason=bimorphic action=maybe_recompile pc=0x000000010e1e68b0 method=com.sun.javafx.css.SimpleSelector.applies(Ljavafx/css/Styleable;)Z @ 95
Event: 3.962 Thread 0x00007fa80989e800 Uncommon trap: reason=bimorphic action=maybe_recompile pc=0x000000010e1e68b0 method=com.sun.javafx.css.SimpleSelector.applies(Ljavafx/css/Styleable;)Z @ 95
Event: 3.968 Thread 0x00007fa80989e800 Uncommon trap: reason=unstable_if action=reinterpret pc=0x000000010e2044b8 method=javafx.scene.CssStyleHelper.lookup(Ljavafx/css/Styleable;Ljavafx/css/CssMetaData;Lcom/sun/javafx/css/StyleMap;Ljava/util/Set;Ljavafx/css/Styleable;Lcom/sun/javafx/css/Calcul
Event: 4.050 Thread 0x00007fa80802c800 Uncommon trap: reason=unstable_if action=reinterpret pc=0x000000010e3712a4 method=java.util.concurrent.ConcurrentHashMap.putVal(Ljava/lang/Object;Ljava/lang/Object;Z)Ljava/lang/Object; @ 331
Event: 4.729 Thread 0x00007fa80989e800 Uncommon trap: reason=class_check action=maybe_recompile pc=0x000000010e3a7ab4 method=javafx.scene.Node.updateLocalToParentTransform()V @ 11
Event: 4.730 Thread 0x00007fa80989e800 Uncommon trap: reason=class_check action=maybe_recompile pc=0x000000010e3a7ab4 method=javafx.scene.Node.updateLocalToParentTransform()V @ 11
Event: 4.878 Thread 0x00007fa80989e800 Uncommon trap: reason=class_check action=maybe_recompile pc=0x000000010e3a7ab4 method=javafx.scene.Node.updateLocalToParentTransform()V @ 11
Event: 4.879 Thread 0x00007fa80989e800 Uncommon trap: reason=class_check action=maybe_recompile pc=0x000000010e3a7ab4 method=javafx.scene.Node.updateLocalToParentTransform()V @ 11

Classes redefined (0 events):
No events

Internal exceptions (10 events):
Event: 0.925 Thread 0x00007fa80989e800 Exception <a 'java/lang/ArrayIndexOutOfBoundsException': 18> (0x00000007967c1e58) thrown at [/System/Volumes/Data/jenkins/workspace/8-2-build-macosx-x86_64/jdk8u301/1513/hotspot/src/share/vm/interpreter/interpreterRuntime.cpp, line 371]
Event: 0.926 Thread 0x00007fa80989e800 Exception <a 'java/lang/ArrayIndexOutOfBoundsException': 86> (0x00000007967c3200) thrown at [/System/Volumes/Data/jenkins/workspace/8-2-build-macosx-x86_64/jdk8u301/1513/hotspot/src/share/vm/interpreter/interpreterRuntime.cpp, line 371]
Event: 0.926 Thread 0x00007fa80989e800 Exception <a 'java/lang/ArrayIndexOutOfBoundsException'> (0x00000007967c4578) thrown at [/System/Volumes/Data/jenkins/workspace/8-2-build-macosx-x86_64/jdk8u301/1513/hotspot/src/share/vm/runtime/sharedRuntime.cpp, line 609]
Event: 1.343 Thread 0x00007fa80989e800 Exception <a 'java/io/FileNotFoundException'> (0x00000007972df100) thrown at [/System/Volumes/Data/jenkins/workspace/8-2-build-macosx-x86_64/jdk8u301/1513/hotspot/src/share/vm/prims/jni.cpp, line 710]
Event: 1.401 Thread 0x00007fa80989e800 Exception <a 'java/io/FileNotFoundException'> (0x0000000797562da8) thrown at [/System/Volumes/Data/jenkins/workspace/8-2-build-macosx-x86_64/jdk8u301/1513/hotspot/src/share/vm/prims/jni.cpp, line 710]
Event: 2.047 Thread 0x00007fa80989e800 Exception <a 'java/io/FileNotFoundException'> (0x0000000795d72f00) thrown at [/System/Volumes/Data/jenkins/workspace/8-2-build-macosx-x86_64/jdk8u301/1513/hotspot/src/share/vm/prims/jni.cpp, line 710]
Event: 2.096 Thread 0x00007fa80989e800 Exception <a 'java/lang/ArrayIndexOutOfBoundsException'> (0x0000000795fc1050) thrown at [/System/Volumes/Data/jenkins/workspace/8-2-build-macosx-x86_64/jdk8u301/1513/hotspot/src/share/vm/runtime/sharedRuntime.cpp, line 609]
Event: 2.096 Thread 0x00007fa80989e800 Exception <a 'java/lang/ArrayIndexOutOfBoundsException'> (0x0000000795fc2238) thrown at [/System/Volumes/Data/jenkins/workspace/8-2-build-macosx-x86_64/jdk8u301/1513/hotspot/src/share/vm/runtime/sharedRuntime.cpp, line 609]
Event: 2.096 Thread 0x00007fa80989e800 Exception <a 'java/lang/ArrayIndexOutOfBoundsException'> (0x0000000795fc3c90) thrown at [/System/Volumes/Data/jenkins/workspace/8-2-build-macosx-x86_64/jdk8u301/1513/hotspot/src/share/vm/runtime/sharedRuntime.cpp, line 609]
Event: 3.931 Thread 0x00007fa80989e800 Exception <a 'java/lang/ArrayIndexOutOfBoundsException'> (0x00000007967782f0) thrown at [/System/Volumes/Data/jenkins/workspace/8-2-build-macosx-x86_64/jdk8u301/1513/hotspot/src/share/vm/runtime/sharedRuntime.cpp, line 609]

Events (10 events):
Event: 8.581 loading class com/sun/glass/ui/mac/MacPasteboard
Event: 8.581 loading class com/sun/glass/ui/mac/MacPasteboard done
Event: 8.584 loading class com/sun/glass/ui/ClipboardAssistance
Event: 8.584 loading class com/sun/glass/ui/ClipboardAssistance done
Event: 8.602 loading class com/sun/javafx/tk/quantum/GlassViewEventHandler
Event: 8.602 loading class com/sun/javafx/tk/quantum/GlassViewEventHandler done
Event: 8.608 loading class com/sun/glass/ui/ClipboardAssistance
Event: 8.608 loading class com/sun/glass/ui/ClipboardAssistance done
Event: 8.609 loading class com/sun/javafx/tk/quantum/GlassSceneDnDEventHandler
Event: 8.609 loading class com/sun/javafx/tk/quantum/GlassSceneDnDEventHandler done


Dynamic libraries:
0x00007ff834dec000 	/System/Library/Frameworks/Cocoa.framework/Versions/A/Cocoa
0x00007ff82068d000 	/System/Library/Frameworks/AppKit.framework/Versions/C/AppKit
0x00007ff823bdd000 	/System/Library/Frameworks/CoreData.framework/Versions/A/CoreData
0x00007ff81eaa8000 	/System/Library/Frameworks/Foundation.framework/Versions/C/Foundation
0x00007ff828ed0000 	/usr/lib/libSystem.B.dylib
0x00007ff82151a000 	/System/Library/PrivateFrameworks/UIFoundation.framework/Versions/A/UIFoundation
0x00007ff82edc4000 	/System/Library/PrivateFrameworks/RemoteViewServices.framework/Versions/A/RemoteViewServices
0x00007ff8270c3000 	/System/Library/PrivateFrameworks/XCTTargetBootstrap.framework/Versions/A/XCTTargetBootstrap
0x00007ff82ad9b000 	/System/Library/PrivateFrameworks/InternationalSupport.framework/Versions/A/InternationalSupport
0x00007ff82ae25000 	/System/Library/PrivateFrameworks/UserActivity.framework/Versions/A/UserActivity
0x00007ff82a182000 	/usr/lib/libspindump.dylib
0x00007ff8217a8000 	/System/Library/Frameworks/UniformTypeIdentifiers.framework/Versions/A/UniformTypeIdentifiers
0x00007ff825802000 	/usr/lib/libapp_launch_measurement.dylib
0x00007ff8245b7000 	/System/Library/PrivateFrameworks/CoreAnalytics.framework/Versions/A/CoreAnalytics
0x00007ff825805000 	/System/Library/PrivateFrameworks/CoreAutoLayout.framework/Versions/A/CoreAutoLayout
0x00007ff826a24000 	/System/Library/Frameworks/Metal.framework/Versions/A/Metal
0x00007ff82773b000 	/usr/lib/liblangid.dylib
0x00007ff8270c7000 	/System/Library/PrivateFrameworks/CoreSVG.framework/Versions/A/CoreSVG
0x00007ff822b6a000 	/System/Library/PrivateFrameworks/SkyLight.framework/Versions/A/SkyLight
0x00007ff822efb000 	/System/Library/Frameworks/CoreGraphics.framework/Versions/A/CoreGraphics
0x00007ff82f42f000 	/System/Library/Frameworks/Accelerate.framework/Versions/A/Accelerate
0x00007ff829bfd000 	/System/Library/PrivateFrameworks/IconServices.framework/Versions/A/IconServices
0x00007ff826a09000 	/System/Library/Frameworks/IOSurface.framework/Versions/A/IOSurface
0x00007ff8245e5000 	/usr/lib/libDiagnosticMessagesClient.dylib
0x00007ff828dea000 	/usr/lib/libz.1.dylib
0x00007ff832a8e000 	/System/Library/Frameworks/ApplicationServices.framework/Versions/A/ApplicationServices
0x00007ff8270af000 	/System/Library/PrivateFrameworks/DFRFoundation.framework/Versions/A/DFRFoundation
0x00007ff81ff7e000 	/usr/lib/libicucore.A.dylib
0x00007ff82babd000 	/System/Library/Frameworks/AudioToolbox.framework/Versions/A/AudioToolbox
0x00007ff82ada7000 	/System/Library/PrivateFrameworks/DataDetectorsCore.framework/Versions/A/DataDetectorsCore
0x00007ff92653c000 	/System/Library/PrivateFrameworks/TextInput.framework/Versions/A/TextInput
0x00007ff822aed000 	/usr/lib/libMobileGestalt.dylib
0x00007ff826db7000 	/System/Library/Frameworks/Carbon.framework/Versions/A/Frameworks/HIToolbox.framework/Versions/A/HIToolbox
0x00007ff825230000 	/System/Library/Frameworks/QuartzCore.framework/Versions/A/QuartzCore
0x00007ff81fc1f000 	/System/Library/Frameworks/Security.framework/Versions/A/Security
0x00007ff82edfc000 	/System/Library/Frameworks/Carbon.framework/Versions/A/Frameworks/SpeechRecognition.framework/Versions/A/SpeechRecognition
0x00007ff825562000 	/System/Library/PrivateFrameworks/CoreUI.framework/Versions/A/CoreUI
0x00007ff81f4f9000 	/System/Library/Frameworks/CoreAudio.framework/Versions/A/CoreAudio
0x00007ff8246d3000 	/System/Library/Frameworks/DiskArbitration.framework/Versions/A/DiskArbitration
0x00007ff82a565000 	/System/Library/PrivateFrameworks/MultitouchSupport.framework/Versions/A/MultitouchSupport
0x00007ff822aec000 	/usr/lib/libenergytrace.dylib
0x00007ff820579000 	/System/Library/Frameworks/IOKit.framework/Versions/A/IOKit
0x00007ff82f1e6000 	/System/Library/Frameworks/CoreServices.framework/Versions/A/CoreServices
0x00007ff82579c000 	/System/Library/PrivateFrameworks/PerformanceAnalysis.framework/Versions/A/PerformanceAnalysis
0x00007ffa35fab000 	/System/Library/Frameworks/OpenGL.framework/Versions/A/OpenGL
0x00007ff828422000 	/System/Library/PrivateFrameworks/MobileKeyBag.framework/Versions/A/MobileKeyBag
0x00007ff81db40000 	/usr/lib/libobjc.A.dylib
0x00007ff82362a000 	/System/Library/Frameworks/ColorSync.framework/Versions/A/ColorSync
0x00007ff81dcfc000 	/System/Library/Frameworks/CoreFoundation.framework/Versions/A/CoreFoundation
0x00007ff827342000 	/System/Library/Frameworks/CoreImage.framework/Versions/A/CoreImage
0x00007ff81f30f000 	/System/Library/Frameworks/CoreText.framework/Versions/A/CoreText
0x00007ff8270f6000 	/System/Library/Frameworks/ImageIO.framework/Versions/A/ImageIO
0x00007ff828ed6000 	/System/Library/PrivateFrameworks/SoftLinking.framework/Versions/A/SoftLinking
0x00007ff82584d000 	/usr/lib/libxml2.2.dylib
0x00007ff81dc09000 	/usr/lib/libc++.1.dylib
0x00007ff829156000 	/usr/lib/libcompression.dylib
0x00007ff82acd1000 	/System/Library/PrivateFrameworks/TextureIO.framework/Versions/A/TextureIO
0x00007ff829876000 	/usr/lib/libate.dylib
0x00007ff828ecb000 	/usr/lib/system/libcache.dylib
0x00007ff828e87000 	/usr/lib/system/libcommonCrypto.dylib
0x00007ff828eb0000 	/usr/lib/system/libcompiler_rt.dylib
0x00007ff828ea6000 	/usr/lib/system/libcopyfile.dylib
0x00007ff81da3a000 	/usr/lib/system/libcorecrypto.dylib
0x00007ff81daf9000 	/usr/lib/system/libdispatch.dylib
0x00007ff81dcbb000 	/usr/lib/system/libdyld.dylib
0x00007ff828ec2000 	/usr/lib/system/libkeymgr.dylib
0x00007ff828e65000 	/usr/lib/system/libmacho.dylib
0x00007ff8284f6000 	/usr/lib/system/libquarantine.dylib
0x00007ff828ec0000 	/usr/lib/system/libremovefile.dylib
0x00007ff822b39000 	/usr/lib/system/libsystem_asl.dylib
0x00007ff81d9e8000 	/usr/lib/system/libsystem_blocks.dylib
0x00007ff81db80000 	/usr/lib/system/libsystem_c.dylib
0x00007ff828eb8000 	/usr/lib/system/libsystem_collections.dylib
0x00007ff82772c000 	/usr/lib/system/libsystem_configuration.dylib
0x00007ff8269ec000 	/usr/lib/system/libsystem_containermanager.dylib
0x00007ff828b9e000 	/usr/lib/system/libsystem_coreservices.dylib
0x00007ff820207000 	/usr/lib/system/libsystem_darwin.dylib
0x00007ff828ec3000 	/usr/lib/system/libsystem_dnssd.dylib
0x00007ff81db7d000 	/usr/lib/system/libsystem_featureflags.dylib
0x00007ff81dcd1000 	/usr/lib/system/libsystem_info.dylib
0x00007ff828dfd000 	/usr/lib/system/libsystem_m.dylib
0x00007ff81dacd000 	/usr/lib/system/libsystem_malloc.dylib
0x00007ff822ad6000 	/usr/lib/system/libsystem_networkextension.dylib
0x00007ff82062f000 	/usr/lib/system/libsystem_notify.dylib
0x00007ff82f0bd000 	/usr/lib/system/libsystem_product_info_filter.dylib
0x00007ff827730000 	/usr/lib/system/libsystem_sandbox.dylib
0x00007ff828ebd000 	/usr/lib/system/libsystem_secinit.dylib
0x00007ff81dc78000 	/usr/lib/system/libsystem_kernel.dylib
0x00007ff81dcc7000 	/usr/lib/system/libsystem_platform.dylib
0x00007ff81dcaf000 	/usr/lib/system/libsystem_pthread.dylib
0x00007ff8243fd000 	/usr/lib/system/libsystem_symptoms.dylib
0x00007ff81da21000 	/usr/lib/system/libsystem_trace.dylib
0x00007ff828e93000 	/usr/lib/system/libunwind.dylib
0x00007ff81d9ea000 	/usr/lib/system/libxpc.dylib
0x00007ff81dc62000 	/usr/lib/libc++abi.dylib
0x00007ff828e9e000 	/usr/lib/liboah.dylib
0x00007ff82962f000 	/usr/lib/liblzma.5.dylib
0x00007ff81e7b9000 	/System/Library/Frameworks/SystemConfiguration.framework/Versions/A/SystemConfiguration
0x00007ff828ed2000 	/usr/lib/libfakelink.dylib
0x00007ff822640000 	/System/Library/Frameworks/CFNetwork.framework/Versions/A/CFNetwork
0x00007ff829011000 	/usr/lib/libarchive.2.dylib
0x00007ff827737000 	/System/Library/PrivateFrameworks/AppleSystemInfo.framework/Versions/A/AppleSystemInfo
0x00007ff82851c000 	/usr/lib/libbsm.0.dylib
0x00007ff821c77000 	/usr/lib/libnetwork.dylib
0x00007ff828e6b000 	/usr/lib/system/libkxld.dylib
0x00007ff82814b000 	/System/Library/PrivateFrameworks/IOMobileFramebuffer.framework/Versions/A/IOMobileFramebuffer
0x00007ffb3394d000 	/usr/lib/libCoreEntitlements.dylib
0x00007ff828b80000 	/System/Library/PrivateFrameworks/AppleFSCompression.framework/Versions/A/AppleFSCompression
0x00007ff828505000 	/usr/lib/libcoretls.dylib
0x00007ff829649000 	/usr/lib/libcoretls_cfhelpers.dylib
0x00007ff829151000 	/usr/lib/libpam.2.dylib
0x00007ff824023000 	/usr/lib/libsqlite3.dylib
0x00007ff8296b8000 	/usr/lib/libxar.1.dylib
0x00007ff828b90000 	/usr/lib/libbz2.1.0.dylib
0x00007ff828ed7000 	/usr/lib/libpcap.A.dylib
0x00007ff8243f4000 	/usr/lib/libdns_services.dylib
0x00007ff829123000 	/usr/lib/libapple_nghttp2.dylib
0x00007ff828f0e000 	/usr/lib/libiconv.2.dylib
0x00007ff828e64000 	/usr/lib/libcharset.1.dylib
0x00007ff8257d0000 	/System/Library/Frameworks/CoreServices.framework/Versions/A/Frameworks/FSEvents.framework/Versions/A/FSEvents
0x00007ff820211000 	/System/Library/Frameworks/CoreServices.framework/Versions/A/Frameworks/CarbonCore.framework/Versions/A/CarbonCore
0x00007ff824638000 	/System/Library/Frameworks/CoreServices.framework/Versions/A/Frameworks/Metadata.framework/Versions/A/Metadata
0x00007ff828ba3000 	/System/Library/Frameworks/CoreServices.framework/Versions/A/Frameworks/OSServices.framework/Versions/A/OSServices
0x00007ff829097000 	/System/Library/Frameworks/CoreServices.framework/Versions/A/Frameworks/SearchKit.framework/Versions/A/SearchKit
0x00007ff824386000 	/System/Library/Frameworks/CoreServices.framework/Versions/A/Frameworks/AE.framework/Versions/A/AE
0x00007ff81e1fd000 	/System/Library/Frameworks/CoreServices.framework/Versions/A/Frameworks/LaunchServices.framework/Versions/A/LaunchServices
0x00007ff8295e0000 	/System/Library/Frameworks/CoreServices.framework/Versions/A/Frameworks/DictionaryServices.framework/Versions/A/DictionaryServices
0x00007ff8257dd000 	/System/Library/Frameworks/CoreServices.framework/Versions/A/Frameworks/SharedFileList.framework/Versions/A/SharedFileList
0x00007ff8284f9000 	/usr/lib/libCheckFix.dylib
0x00007ff822b50000 	/System/Library/PrivateFrameworks/TCC.framework/Versions/A/TCC
0x00007ff82773d000 	/System/Library/PrivateFrameworks/CoreNLP.framework/Versions/A/CoreNLP
0x00007ff8245e8000 	/System/Library/PrivateFrameworks/MetadataUtilities.framework/Versions/A/MetadataUtilities
0x00007ff81e869000 	/usr/lib/libmecabra.dylib
0x00007ff82852c000 	/usr/lib/libmecab.dylib
0x00007ff81e834000 	/usr/lib/libCRFSuite.dylib
0x00007ff828589000 	/usr/lib/libgermantok.dylib
0x00007ff8290fe000 	/usr/lib/libThaiTokenizer.dylib
0x00007ff8246da000 	/System/Library/Frameworks/Accelerate.framework/Versions/A/Frameworks/vImage.framework/Versions/A/vImage
0x00007ff82f1bd000 	/System/Library/Frameworks/Accelerate.framework/Versions/A/Frameworks/vecLib.framework/Versions/A/vecLib
0x00007ff8296f9000 	/System/Library/Frameworks/Accelerate.framework/Versions/A/Frameworks/vecLib.framework/Versions/A/libvMisc.dylib
0x00007ff827f3f000 	/System/Library/Frameworks/Accelerate.framework/Versions/A/Frameworks/vecLib.framework/Versions/A/libvDSP.dylib
0x00007ff81e575000 	/System/Library/Frameworks/Accelerate.framework/Versions/A/Frameworks/vecLib.framework/Versions/A/libBLAS.dylib
0x00007ff829233000 	/System/Library/Frameworks/Accelerate.framework/Versions/A/Frameworks/vecLib.framework/Versions/A/libLAPACK.dylib
0x00007ff82858c000 	/System/Library/Frameworks/Accelerate.framework/Versions/A/Frameworks/vecLib.framework/Versions/A/libLinearAlgebra.dylib
0x00007ff82913c000 	/System/Library/Frameworks/Accelerate.framework/Versions/A/Frameworks/vecLib.framework/Versions/A/libSparseBLAS.dylib
0x00007ff82922d000 	/System/Library/Frameworks/Accelerate.framework/Versions/A/Frameworks/vecLib.framework/Versions/A/libQuadrature.dylib
0x00007ff827827000 	/System/Library/Frameworks/Accelerate.framework/Versions/A/Frameworks/vecLib.framework/Versions/A/libBNNS.dylib
0x00007ff81e74a000 	/System/Library/Frameworks/Accelerate.framework/Versions/A/Frameworks/vecLib.framework/Versions/A/libSparse.dylib
0x00007ff827820000 	/System/Library/PrivateFrameworks/LinguisticData.framework/Versions/A/LinguisticData
0x00007ff81e6ff000 	/System/Library/PrivateFrameworks/Lexicon.framework/Versions/A/Lexicon
0x00007ff8296f2000 	/usr/lib/libChineseTokenizer.dylib
0x00007ff81ee63000 	/System/Library/PrivateFrameworks/LanguageModeling.framework/Versions/A/LanguageModeling
0x00007ff829100000 	/System/Library/PrivateFrameworks/AppleSauce.framework/Versions/A/AppleSauce
0x00007ff828139000 	/System/Library/PrivateFrameworks/CoreEmoji.framework/Versions/A/CoreEmoji
0x00007ff829000000 	/usr/lib/libcmph.dylib
0x00007ff8257b4000 	/System/Library/Frameworks/OpenDirectory.framework/Versions/A/Frameworks/CFOpenDirectory.framework/Versions/A/CFOpenDirectory
0x00007ff8257a8000 	/System/Library/Frameworks/OpenDirectory.framework/Versions/A/OpenDirectory
0x00007ff82964b000 	/System/Library/PrivateFrameworks/APFS.framework/Versions/A/APFS
0x00007ff82845a000 	/System/Library/Frameworks/SecurityFoundation.framework/Versions/A/SecurityFoundation
0x00007ff8296c6000 	/usr/lib/libutil.dylib
0x00007ff82053c000 	/System/Library/PrivateFrameworks/CoreServicesStore.framework/Versions/A/CoreServicesStore
0x00007ff8296ca000 	/usr/lib/libxslt.1.dylib
0x00007ff8284e7000 	/System/Library/PrivateFrameworks/BackgroundTaskManagement.framework/Versions/A/BackgroundTaskManagement
0x00007ff82abf3000 	/System/Library/Frameworks/ImageIO.framework/Versions/A/Resources/libRadiance.dylib
0x00007ff82abfc000 	/System/Library/Frameworks/ImageIO.framework/Versions/A/Resources/libJPEG.dylib
0x00007ff82ab4d000 	/System/Library/Frameworks/ImageIO.framework/Versions/A/Resources/libPng.dylib
0x00007ff82ab6e000 	/System/Library/Frameworks/ImageIO.framework/Versions/A/Resources/libTIFF.dylib
0x00007ff82ac5a000 	/System/Library/Frameworks/ImageIO.framework/Versions/A/Resources/libGIF.dylib
0x00007ff82a482000 	/System/Library/Frameworks/ImageIO.framework/Versions/A/Resources/libJP2.dylib
0x00007ff829bc4000 	/usr/lib/libexpat.1.dylib
0x00007ff82a437000 	/System/Library/PrivateFrameworks/AppleJPEG.framework/Versions/A/AppleJPEG
0x00007ff826c7e000 	/System/Library/PrivateFrameworks/FontServices.framework/libFontParser.dylib
0x00007ff824330000 	/System/Library/PrivateFrameworks/RunningBoardServices.framework/Versions/A/RunningBoardServices
0x00007ff83535d000 	/System/Library/PrivateFrameworks/IOSurfaceAccelerator.framework/Versions/A/IOSurfaceAccelerator
0x00007ff82a561000 	/System/Library/PrivateFrameworks/WatchdogClient.framework/Versions/A/WatchdogClient
0x00007ff81ef52000 	/System/Library/Frameworks/CoreDisplay.framework/Versions/A/CoreDisplay
0x00007ff826b7e000 	/System/Library/Frameworks/CoreMedia.framework/Versions/A/CoreMedia
0x00007ff826a1b000 	/System/Library/PrivateFrameworks/IOAccelerator.framework/Versions/A/IOAccelerator
0x00007ff825930000 	/System/Library/Frameworks/CoreVideo.framework/Versions/A/CoreVideo
0x00007ff82914f000 	/System/Library/Frameworks/MetalPerformanceShaders.framework/Versions/A/MetalPerformanceShaders
0x00007ff82a59c000 	/System/Library/Frameworks/VideoToolbox.framework/Versions/A/VideoToolbox
0x00007ff824278000 	/System/Library/PrivateFrameworks/BaseBoard.framework/Versions/A/BaseBoard
0x00007ff824009000 	/System/Library/PrivateFrameworks/ProtocolBuffer.framework/Versions/A/ProtocolBuffer
0x00007ff82abec000 	/System/Library/PrivateFrameworks/GPUWrangler.framework/Versions/A/GPUWrangler
0x00007ff82abcf000 	/System/Library/PrivateFrameworks/IOPresentment.framework/Versions/A/IOPresentment
0x00007ff82abf6000 	/System/Library/PrivateFrameworks/DSExternalDisplay.framework/Versions/A/DSExternalDisplay
0x00007ffa35f9f000 	/System/Library/Frameworks/OpenGL.framework/Versions/A/Libraries/libCoreFSCache.dylib
0x00007ffb21f4c000 	/System/Library/PrivateFrameworks/GPUCompiler.framework/Versions/31001/Libraries/libGPUCompilerUtils.dylib
0x00007ff82ac5f000 	/System/Library/PrivateFrameworks/CMCaptureCore.framework/Versions/A/CMCaptureCore
0x00007ff82a170000 	/System/Library/PrivateFrameworks/AppServerSupport.framework/Versions/A/AppServerSupport
0x00007ff82c33a000 	/System/Library/PrivateFrameworks/perfdata.framework/Versions/A/perfdata
0x00007ff81f07e000 	/System/Library/PrivateFrameworks/AudioToolboxCore.framework/Versions/A/AudioToolboxCore
0x00007ff826b5b000 	/System/Library/PrivateFrameworks/caulk.framework/Versions/A/caulk
0x00007ff82bc67000 	/usr/lib/libAudioStatistics.dylib
0x00007ff922dfb000 	/System/Library/PrivateFrameworks/SystemPolicy.framework/Versions/A/SystemPolicy
0x00007ff82beb3000 	/usr/lib/libSMC.dylib
0x00007ff834c9f000 	/System/Library/Frameworks/CoreMIDI.framework/Versions/A/CoreMIDI
0x00007ff82ab1d000 	/usr/lib/libAudioToolboxUtility.dylib
0x00007ff91f283000 	/System/Library/PrivateFrameworks/OSAServicesClient.framework/Versions/A/OSAServicesClient
0x00007ff82c347000 	/usr/lib/libperfcheck.dylib
0x00007ff923887000 	/usr/lib/libmis.dylib
0x00007ffa35ffb000 	/System/Library/Frameworks/OpenGL.framework/Versions/A/Libraries/libGLU.dylib
0x00007ffa35fbe000 	/System/Library/Frameworks/OpenGL.framework/Versions/A/Libraries/libGFXShared.dylib
0x00007ffa361cc000 	/System/Library/Frameworks/OpenGL.framework/Versions/A/Libraries/libGL.dylib
0x00007ffa35fc7000 	/System/Library/Frameworks/OpenGL.framework/Versions/A/Libraries/libGLImage.dylib
0x00007ffa35fbb000 	/System/Library/Frameworks/OpenGL.framework/Versions/A/Libraries/libCVMSPluginSupport.dylib
0x00007ffa35fa6000 	/System/Library/Frameworks/OpenGL.framework/Versions/A/Libraries/libCoreVMClient.dylib
0x00007ff8276bb000 	/System/Library/Frameworks/MetalPerformanceShaders.framework/Versions/A/Frameworks/MPSCore.framework/Versions/A/MPSCore
0x00007ff828aeb000 	/System/Library/Frameworks/MetalPerformanceShaders.framework/Versions/A/Frameworks/MPSImage.framework/Versions/A/MPSImage
0x00007ff8285a2000 	/System/Library/Frameworks/MetalPerformanceShaders.framework/Versions/A/Frameworks/MPSNeuralNetwork.framework/Versions/A/MPSNeuralNetwork
0x00007ff828a17000 	/System/Library/Frameworks/MetalPerformanceShaders.framework/Versions/A/Frameworks/MPSMatrix.framework/Versions/A/MPSMatrix
0x00007ff8287d3000 	/System/Library/Frameworks/MetalPerformanceShaders.framework/Versions/A/Frameworks/MPSRayIntersector.framework/Versions/A/MPSRayIntersector
0x00007ff828a50000 	/System/Library/Frameworks/MetalPerformanceShaders.framework/Versions/A/Frameworks/MPSNDArray.framework/Versions/A/MPSNDArray
0x00007ffa3aba4000 	/System/Library/Frameworks/MetalPerformanceShaders.framework/Versions/A/Frameworks/MPSFunctions.framework/Versions/A/MPSFunctions
0x00007ff81e458000 	/System/Library/PrivateFrameworks/MetalTools.framework/Versions/A/MetalTools
0x00007ff827735000 	/System/Library/PrivateFrameworks/AggregateDictionary.framework/Versions/A/AggregateDictionary
0x00007ff8299a6000 	/usr/lib/libIOReport.dylib
0x00007ffa375db000 	/System/Library/Frameworks/OpenCL.framework/Versions/A/OpenCL
0x00007ff829d0a000 	/System/Library/PrivateFrameworks/FaceCore.framework/Versions/A/FaceCore
0x00007ff829cfb000 	/System/Library/PrivateFrameworks/GraphVisualizer.framework/Versions/A/GraphVisualizer
0x00007ffb21e57000 	/System/Library/PrivateFrameworks/FontServices.framework/Versions/A/FontServices
0x00007ff82a127000 	/System/Library/PrivateFrameworks/OTSVG.framework/Versions/A/OTSVG
0x00007ff825518000 	/System/Library/Frameworks/ApplicationServices.framework/Versions/A/Frameworks/ATS.framework/Versions/A/Resources/libFontRegistry.dylib
0x00007ff82a178000 	/System/Library/PrivateFrameworks/FontServices.framework/libhvf.dylib
0x00007ffb21e58000 	/System/Library/PrivateFrameworks/FontServices.framework/libXTFontStaticRegistryData.dylib
0x00007ff829b74000 	/System/Library/PrivateFrameworks/AppleVA.framework/Versions/A/AppleVA
0x00007ff82bc87000 	/System/Library/Frameworks/ApplicationServices.framework/Versions/A/Frameworks/ATS.framework/Versions/A/ATS
0x00007ff823726000 	/System/Library/Frameworks/ApplicationServices.framework/Versions/A/Frameworks/HIServices.framework/Versions/A/HIServices
0x00007ff82ac69000 	/System/Library/Frameworks/ApplicationServices.framework/Versions/A/Frameworks/PrintCore.framework/Versions/A/PrintCore
0x00007ff82c006000 	/System/Library/Frameworks/ApplicationServices.framework/Versions/A/Frameworks/QD.framework/Versions/A/QD
0x00007ff82bffe000 	/System/Library/Frameworks/ApplicationServices.framework/Versions/A/Frameworks/ColorSyncLegacy.framework/Versions/A/ColorSyncLegacy
0x00007ff82bc77000 	/System/Library/Frameworks/ApplicationServices.framework/Versions/A/Frameworks/SpeechSynthesis.framework/Versions/A/SpeechSynthesis
0x00007ff82ac2a000 	/System/Library/Frameworks/ApplicationServices.framework/Versions/A/Frameworks/ATSUI.framework/Versions/A/ATSUI
0x00007ff82bf93000 	/usr/lib/libcups.2.dylib
0x00007ff82c356000 	/System/Library/Frameworks/Kerberos.framework/Versions/A/Kerberos
0x00007ff82c365000 	/System/Library/Frameworks/GSS.framework/Versions/A/GSS
0x00007ff82bcf3000 	/usr/lib/libresolv.9.dylib
0x00007ff82a187000 	/System/Library/PrivateFrameworks/Heimdal.framework/Versions/A/Heimdal
0x00007ff832e09000 	/System/Library/Frameworks/Kerberos.framework/Versions/A/Libraries/libHeimdalProxy.dylib
0x00007ff824405000 	/System/Library/Frameworks/Network.framework/Versions/A/Network
0x00007ff829bde000 	/usr/lib/libheimdal-asn1.dylib
0x00007ff82c3b0000 	/System/Library/PrivateFrameworks/CommonAuth.framework/Versions/A/CommonAuth
0x00007ff82bbf8000 	/System/Library/PrivateFrameworks/AudioSession.framework/Versions/A/AudioSession
0x00007ff829c6e000 	/System/Library/PrivateFrameworks/MediaExperience.framework/Versions/A/MediaExperience
0x00007ff82ba8c000 	/System/Library/PrivateFrameworks/AudioSession.framework/libSessionUtility.dylib
0x00007ff82c012000 	/System/Library/PrivateFrameworks/AudioResourceArbitration.framework/Versions/A/AudioResourceArbitration
0x00007ff829be7000 	/System/Library/PrivateFrameworks/IconFoundation.framework/Versions/A/IconFoundation
0x00007ff82edec000 	/System/Library/PrivateFrameworks/SpeechRecognitionCore.framework/Versions/A/SpeechRecognitionCore
0x000000010bec3000 	/Library/Java/JavaVirtualMachines/jdk1.8.0_301.jdk/Contents/Home/jre/lib/server/libjvm.dylib
0x000000010b111000 	/Library/Java/JavaVirtualMachines/jdk1.8.0_301.jdk/Contents/Home/jre/lib/libverify.dylib
0x000000010b168000 	/Library/Java/JavaVirtualMachines/jdk1.8.0_301.jdk/Contents/Home/jre/lib/libjava.dylib
0x000000010b142000 	/Library/Java/JavaVirtualMachines/jdk1.8.0_301.jdk/Contents/Home/jre/lib/libzip.dylib
0x00000001237b3000 	/Library/Java/JavaVirtualMachines/jdk1.8.0_301.jdk/Contents/Home/jre/lib/libprism_es2.dylib
0x00007ff8204fd000 	/System/Library/PrivateFrameworks/CoreServicesInternal.framework/Versions/A/CoreServicesInternal
0x00007ffa361d7000 	/System/Library/Frameworks/OpenGL.framework/Versions/A/Resources/GLEngine.bundle/GLEngine
0x00007ffa36039000 	/System/Library/Frameworks/OpenGL.framework/Versions/A/Libraries/libGLProgrammability.dylib
0x00000001239ba000 	/System/Library/Extensions/AppleMetalOpenGLRenderer.bundle/Contents/MacOS/AppleMetalOpenGLRenderer
0x00007ffa36366000 	/System/Library/Frameworks/OpenGL.framework/Versions/A/Resources/GLRendererFloat.bundle/GLRendererFloat
0x00007ffa38145000 	/System/Library/Extensions/AGXMetal13_3.bundle/Contents/MacOS/AGXMetal13_3
0x00007ff9238a2000 	/System/Library/PrivateFrameworks/GPURawCounter.framework/Versions/A/GPURawCounter
0x00007ff91e41f000 	/System/Library/PrivateFrameworks/IOGPU.framework/Versions/A/IOGPU
0x0000000123b99000 	/Library/Java/JavaVirtualMachines/jdk1.8.0_301.jdk/Contents/Home/jre/lib/libglass.dylib
0x00007ff8305bd000 	/System/Library/Frameworks/FileProvider.framework/Versions/A/FileProvider
0x00007ff8241e4000 	/System/Library/Frameworks/Accounts.framework/Versions/A/Accounts
0x00007ff830735000 	/System/Library/PrivateFrameworks/GenerationalStorage.framework/Versions/A/GenerationalStorage
0x00007ff831242000 	/System/Library/PrivateFrameworks/CoreSymbolication.framework/Versions/A/CoreSymbolication
0x00007ff82ffc1000 	/System/Library/PrivateFrameworks/SymptomDiagnosticReporter.framework/Versions/A/SymptomDiagnosticReporter
0x00007ff8217bc000 	/System/Library/PrivateFrameworks/DesktopServicesPriv.framework/Versions/A/DesktopServicesPriv
0x00007ff82063e000 	/usr/lib/libsandbox.1.dylib
0x00007ff8259ae000 	/System/Library/PrivateFrameworks/UserManagement.framework/Versions/A/UserManagement
0x00007ff831207000 	/System/Library/PrivateFrameworks/DebugSymbols.framework/Versions/A/DebugSymbols
0x00007ff82bff3000 	/System/Library/PrivateFrameworks/NetAuth.framework/Versions/A/NetAuth
0x00007ff82cedf000 	/System/Library/PrivateFrameworks/Sharing.framework/Versions/A/Sharing
0x00007ff825981000 	/System/Library/PrivateFrameworks/login.framework/Versions/A/Frameworks/loginsupport.framework/Versions/A/loginsupport
0x00007ff83233f000 	/System/Library/PrivateFrameworks/Apple80211.framework/Versions/A/Apple80211
0x00007ff828bd0000 	/System/Library/PrivateFrameworks/AuthKit.framework/Versions/A/AuthKit
0x00007ff82822f000 	/System/Library/PrivateFrameworks/CoreUtils.framework/Versions/A/CoreUtils
0x00007ff828156000 	/System/Library/Frameworks/CoreWLAN.framework/Versions/A/CoreWLAN
0x00007ff82d03a000 	/System/Library/Frameworks/IOBluetooth.framework/Versions/A/IOBluetooth
0x00007ff8323a7000 	/System/Library/PrivateFrameworks/CoreWiFi.framework/Versions/A/CoreWiFi
0x00007ff830ddc000 	/System/Library/PrivateFrameworks/FrontBoardServices.framework/Versions/A/FrontBoardServices
0x00007ff830e6e000 	/System/Library/PrivateFrameworks/BoardServices.framework/Versions/A/BoardServices
0x00007ff828449000 	/System/Library/PrivateFrameworks/AssertionServices.framework/Versions/A/AssertionServices
0x00007ff83252b000 	/System/Library/PrivateFrameworks/BackBoardServices.framework/Versions/A/BackBoardServices
0x00007ff82c43f000 	/System/Library/PrivateFrameworks/CorePhoneNumbers.framework/Versions/A/CorePhoneNumbers
0x00007ff8300de000 	/System/Library/PrivateFrameworks/DiskManagement.framework/Versions/A/DiskManagement
0x00007ff82fff2000 	/System/Library/PrivateFrameworks/AppleIDAuthSupport.framework/Versions/A/AppleIDAuthSupport
0x00007ffa3cb0a000 	/System/Library/PrivateFrameworks/AAAFoundation.framework/Versions/A/AAAFoundation
0x00007ff82c420000 	/System/Library/PrivateFrameworks/KeychainCircle.framework/Versions/A/KeychainCircle
0x00007ff8300aa000 	/System/Library/PrivateFrameworks/MediaKit.framework/Versions/A/MediaKit
0x00007ff82fffe000 	/System/Library/Frameworks/DiscRecording.framework/Versions/A/DiscRecording
0x00007ff829aec000 	/usr/lib/libCoreStorage.dylib
0x00007ff832818000 	/usr/lib/libcsfde.dylib
0x00007ff82d107000 	/System/Library/PrivateFrameworks/ProtectedCloudStorage.framework/Versions/A/ProtectedCloudStorage
0x00007ff832814000 	/System/Library/PrivateFrameworks/EFILogin.framework/Versions/A/EFILogin
0x00007ff83075b000 	/System/Library/PrivateFrameworks/OctagonTrust.framework/Versions/A/OctagonTrust
0x00007ffb21191000 	/System/Library/PrivateFrameworks/CoreUtilsExtras.framework/Versions/A/CoreUtilsExtras
0x00007ff82ff31000 	/System/Library/Frameworks/CoreBluetooth.framework/Versions/A/CoreBluetooth
0x00007ff832e8e000 	/System/Library/Frameworks/AudioUnit.framework/Versions/A/AudioUnit
0x00007ff829ae4000 	/usr/lib/libMatch.1.dylib
0x00007ff927c5a000 	/System/Library/Frameworks/Accelerate.framework/Versions/A/Frameworks/vImage.framework/Versions/A/Libraries/libCGInterfaces.dylib
0x0000000125457000 	/usr/lib/libobjc-trampolines.dylib
0x00007ff8256a8000 	/System/Library/PrivateFrameworks/ViewBridge.framework/Versions/A/ViewBridge
0x00007ff82a241000 	/System/Library/PrivateFrameworks/login.framework/Versions/A/login
0x0000000127471000 	/Library/Java/JavaVirtualMachines/jdk1.8.0_301.jdk/Contents/Home/jre/lib/libjavafx_font.dylib
0x00007ffb33a5b000 	/usr/lib/libRosetta.dylib
0x000000012ad42000 	/Library/Java/JavaVirtualMachines/jdk1.8.0_301.jdk/Contents/Home/jre/lib/libprism_common.dylib
0x00007ff82f4b3000 	/System/Library/PrivateFrameworks/SystemAdministration.framework/Versions/A/SystemAdministration
0x00007ff82ae91000 	/System/Library/Frameworks/MediaToolbox.framework/Versions/A/MediaToolbox
0x00007ff82edb8000 	/System/Library/Frameworks/DirectoryService.framework/Versions/A/DirectoryService
0x00007ff8326b7000 	/System/Library/PrivateFrameworks/DiskImages.framework/Versions/A/DiskImages
0x00007ff8284f1000 	/System/Library/Frameworks/ServiceManagement.framework/Versions/A/ServiceManagement
0x00007ff832890000 	/System/Library/PrivateFrameworks/LoginUIKit.framework/Versions/A/Frameworks/LoginUICore.framework/Versions/A/LoginUICore
0x00007ff82a3ef000 	/usr/lib/libodfde.dylib
0x00007ff83058d000 	/System/Library/PrivateFrameworks/CoreAVCHD.framework/Versions/A/CoreAVCHD
0x00007ff82f477000 	/System/Library/Frameworks/MediaAccessibility.framework/Versions/A/MediaAccessibility
0x00007ff830589000 	/System/Library/PrivateFrameworks/Mangrove.framework/Versions/A/Mangrove
0x00007ff82f482000 	/System/Library/PrivateFrameworks/AlgosScoreFramework.framework/Versions/A/AlgosScoreFramework
0x00007ffb1e5f9000 	/System/Library/PrivateFrameworks/CMPhoto.framework/Versions/A/CMPhoto
0x00007ff8310dd000 	/System/Library/PrivateFrameworks/AppleVPA.framework/Versions/A/AppleVPA
0x00007ff8301ce000 	/System/Library/PrivateFrameworks/CoreAUC.framework/Versions/A/CoreAUC
0x00007ff832824000 	/usr/lib/libcurl.4.dylib
0x00007ff832583000 	/usr/lib/libcrypto.44.dylib
0x00007ff83268a000 	/usr/lib/libssl.46.dylib
0x00007ff832549000 	/System/Library/Frameworks/LDAP.framework/Versions/A/LDAP
0x00007ff832581000 	/System/Library/PrivateFrameworks/TrustEvaluationAgent.framework/Versions/A/TrustEvaluationAgent
0x00007ff82bd0c000 	/usr/lib/libsasl2.2.dylib
0x00007ff82f4a7000 	/System/Library/PrivateFrameworks/CoreDaemon.framework/Versions/B/CoreDaemon
0x00007ff82f4a2000 	/System/Library/PrivateFrameworks/AppleSRP.framework/Versions/A/AppleSRP

VM Arguments:
jvm_args: -Dfile.encoding=UTF-8 
java_command: ui.Main
java_class_path (initial): /Users/gajokremer/Documents/javaWorkspace/TI3-MathChallenge/bin
Launcher Type: SUN_STANDARD

Environment Variables:
PATH=/usr/bin:/bin:/usr/sbin:/sbin
SHELL=/bin/zsh

Signal Handlers:
SIGSEGV: [libjvm.dylib+0x59bf91], sa_mask[0]=11111111111111111111111111111111, sa_flags=SA_ONSTACK|SA_RESTART|SA_SIGINFO
SIGBUS: [libjvm.dylib+0x59bf91], sa_mask[0]=11111111111111111111111111111111, sa_flags=SA_RESTART|SA_SIGINFO
SIGFPE: [libjvm.dylib+0x48f9b7], sa_mask[0]=11111111111111111111111111111111, sa_flags=SA_RESTART|SA_SIGINFO
SIGPIPE: [libjvm.dylib+0x48f9b7], sa_mask[0]=11111111111111111111111111111111, sa_flags=SA_RESTART|SA_SIGINFO
SIGXFSZ: [libjvm.dylib+0x48f9b7], sa_mask[0]=11111111111111111111111111111111, sa_flags=SA_RESTART|SA_SIGINFO
SIGILL: [libjvm.dylib+0x48f9b7], sa_mask[0]=11111111111111111111111111111111, sa_flags=SA_RESTART|SA_SIGINFO
SIGUSR1: SIG_DFL, sa_mask[0]=00000000000000000000000000000000, sa_flags=none
SIGUSR2: [libjvm.dylib+0x4902a6], sa_mask[0]=00100000000000000000000000000000, sa_flags=SA_RESTART|SA_SIGINFO
SIGHUP: [libjvm.dylib+0x48e503], sa_mask[0]=11111111111111111111111111111111, sa_flags=SA_RESTART|SA_SIGINFO
SIGINT: [libjvm.dylib+0x48e503], sa_mask[0]=11111111111111111111111111111111, sa_flags=SA_RESTART|SA_SIGINFO
SIGTERM: [libjvm.dylib+0x48e503], sa_mask[0]=11111111111111111111111111111111, sa_flags=SA_RESTART|SA_SIGINFO
SIGQUIT: [libjvm.dylib+0x48e503], sa_mask[0]=11111111111111111111111111111111, sa_flags=SA_RESTART|SA_SIGINFO


---------------  S Y S T E M  ---------------

OS:Bsduname:Darwin 21.1.0 Darwin Kernel Version 21.1.0: Wed Oct 13 17:33:24 PDT 2021; root:xnu-8019.41.5~1/RELEASE_ARM64_T8101 x86_64
rlimit: STACK 8176k, CORE 0k, NPROC 1333, NOFILE 10240, AS infinity
load average:1.54 1.91 2.01

CPU:total 8 (initial active 8) (1 cores per cpu, 1 threads per core) family 6 model 44 stepping 0, cmov, cx8, fxsr, mmx, sse, sse2, sse3, ssse3, sse4.1, sse4.2, popcnt, aes, clmul, tsc, tscinvbit, tscinv

Memory: 4k page, physical 8388608k(21076k free)

/proc/meminfo:


vm_info: Java HotSpot(TM) 64-Bit Server VM (25.301-b09) for bsd-amd64 JRE (1.8.0_301-b09), built on Jun  9 2021 14:35:36 by "java_re" with gcc 4.2.1 Compatible Apple LLVM 11.0.0 (clang-1100.0.33.17)

time: Tue Dec  7 00:31:41 2021
timezone: -05
elapsed time: 11.855256 seconds (0d 0h 0m 11s)

